The system is: Windows - 10.0.17763 - AMD64
Compiling the C compiler identification source file "CMakeCCompilerId.c" succeeded.
Compiler: D:/visual/VC/Tools/MSVC/14.24.28314/bin/HostX64/x64/cl.exe 
Build flags: 
Id flags:  

The output was:
0
Microsoft (R) C/C++ wersja kompilatora optymalizującego 19.24.28314 dla x64
Copyright (C) Microsoft Corporation. Wszystkie prawa zastrzeżone.

CMakeCCompilerId.c
Microsoft (R) Incremental Linker Version 14.24.28314.0
Copyright (C) Microsoft Corporation.  All rights reserved.

/out:CMakeCCompilerId.exe 
CMakeCCompilerId.obj 


Compilation of the C compiler identification source "CMakeCCompilerId.c" produced "CMakeCCompilerId.exe"

Compilation of the C compiler identification source "CMakeCCompilerId.c" produced "CMakeCCompilerId.obj"

The C compiler identification is MSVC, found in "D:/od26.06'19/obiektowe 2k19/bomberman/out/build/x64-Debug/CMakeFiles/3.15.19101501-MSVC_2/CompilerIdC/CMakeCCompilerId.exe"

Compiling the CXX compiler identification source file "CMakeCXXCompilerId.cpp" succeeded.
Compiler: D:/visual/VC/Tools/MSVC/14.24.28314/bin/HostX64/x64/cl.exe 
Build flags: 
Id flags:  

The output was:
0
Microsoft (R) C/C++ wersja kompilatora optymalizującego 19.24.28314 dla x64
Copyright (C) Microsoft Corporation. Wszystkie prawa zastrzeżone.

CMakeCXXCompilerId.cpp
Microsoft (R) Incremental Linker Version 14.24.28314.0
Copyright (C) Microsoft Corporation.  All rights reserved.

/out:CMakeCXXCompilerId.exe 
CMakeCXXCompilerId.obj 


Compilation of the CXX compiler identification source "CMakeCXXCompilerId.cpp" produced "CMakeCXXCompilerId.exe"

Compilation of the CXX compiler identification source "CMakeCXXCompilerId.cpp" produced "CMakeCXXCompilerId.obj"

The CXX compiler identification is MSVC, found in "D:/od26.06'19/obiektowe 2k19/bomberman/out/build/x64-Debug/CMakeFiles/3.15.19101501-MSVC_2/CompilerIdCXX/CMakeCXXCompilerId.exe"

Determining if the C compiler works passed with the following output:
Change Dir: D:/od26.06'19/obiektowe 2k19/bomberman/out/build/x64-Debug/CMakeFiles/CMakeTmp

Run Build Command(s):D:\VISUAL\COMMON7\IDE\COMMONEXTENSIONS\MICROSOFT\CMAKE\Ninja\ninja.exe cmTC_f9331 && [1/2] Building C object CMakeFiles\cmTC_f9331.dir\testCCompiler.c.obj
[2/2] Linking C executable cmTC_f9331.exe



Detecting C compiler ABI info compiled with the following output:
Change Dir: D:/od26.06'19/obiektowe 2k19/bomberman/out/build/x64-Debug/CMakeFiles/CMakeTmp

Run Build Command(s):D:\VISUAL\COMMON7\IDE\COMMONEXTENSIONS\MICROSOFT\CMAKE\Ninja\ninja.exe cmTC_1c98a && [1/2] Building C object CMakeFiles\cmTC_1c98a.dir\CMakeCCompilerABI.c.obj
[2/2] Linking C executable cmTC_1c98a.exe



Determining if the CXX compiler works passed with the following output:
Change Dir: D:/od26.06'19/obiektowe 2k19/bomberman/out/build/x64-Debug/CMakeFiles/CMakeTmp

Run Build Command(s):D:\VISUAL\COMMON7\IDE\COMMONEXTENSIONS\MICROSOFT\CMAKE\Ninja\ninja.exe cmTC_2d6b9 && [1/2] Building CXX object CMakeFiles\cmTC_2d6b9.dir\testCXXCompiler.cxx.obj
[2/2] Linking CXX executable cmTC_2d6b9.exe



Detecting CXX compiler ABI info compiled with the following output:
Change Dir: D:/od26.06'19/obiektowe 2k19/bomberman/out/build/x64-Debug/CMakeFiles/CMakeTmp

Run Build Command(s):D:\VISUAL\COMMON7\IDE\COMMONEXTENSIONS\MICROSOFT\CMAKE\Ninja\ninja.exe cmTC_5b0ec && [1/2] Building CXX object CMakeFiles\cmTC_5b0ec.dir\CMakeCXXCompilerABI.cpp.obj
[2/2] Linking CXX executable cmTC_5b0ec.exe



